<?xml version="1.0" encoding="UTF-8"?>
<coverage generated="1683782576694" clover="3.2.0">
  <project timestamp="1683782576694" name="All files">
    <metrics statements="20" coveredstatements="11" conditionals="6" coveredconditionals="2" methods="10" coveredmethods="5" elements="36" coveredelements="18" complexity="0" loc="20" ncloc="20" packages="2" files="3" classes="3"/>
    <package name="src">
      <metrics statements="14" coveredstatements="5" conditionals="2" coveredconditionals="0" methods="6" coveredmethods="1"/>
      <file name="utils.js" path="/home/nass/Documents/microverse/to-do-list/src/utils.js">
        <metrics statements="14" coveredstatements="5" conditionals="2" coveredconditionals="0" methods="6" coveredmethods="1"/>
        <line num="1" count="1" type="stmt"/>
        <line num="2" count="2" type="stmt"/>
        <line num="4" count="2" type="stmt"/>
        <line num="7" count="1" type="stmt"/>
        <line num="8" count="0" type="stmt"/>
        <line num="10" count="0" type="stmt"/>
        <line num="11" count="0" type="stmt"/>
        <line num="13" count="0" type="stmt"/>
        <line num="15" count="0" type="stmt"/>
        <line num="18" count="1" type="stmt"/>
        <line num="19" count="0" type="stmt"/>
        <line num="20" count="0" type="cond" truecount="0" falsecount="2"/>
        <line num="21" count="0" type="stmt"/>
        <line num="22" count="0" type="stmt"/>
      </file>
    </package>
    <package name="src.modules">
      <metrics statements="6" coveredstatements="6" conditionals="4" coveredconditionals="2" methods="4" coveredmethods="4"/>
      <file name="item.js" path="/home/nass/Documents/microverse/to-do-list/src/modules/item.js">
        <metrics statements="1" coveredstatements="1" conditionals="4" coveredconditionals="2" methods="1" coveredmethods="1"/>
        <line num="3" count="1" type="stmt"/>
      </file>
      <file name="list.js" path="/home/nass/Documents/microverse/to-do-list/src/modules/list.js">
        <metrics statements="5" coveredstatements="5" conditionals="0" coveredconditionals="0" methods="3" coveredmethods="3"/>
        <line num="3" count="1" type="stmt"/>
        <line num="13" count="1" type="stmt"/>
        <line num="14" count="1" type="stmt"/>
        <line num="21" count="1" type="stmt"/>
        <line num="25" count="1" type="stmt"/>
      </file>
    </package>
  </project>
</coverage>
