{"/home/nass/Documents/microverse/to-do-list/src/utils.js": {"path":"/home/nass/Documents/microverse/to-do-list/src/utils.js","statementMap":{"0":{"start":{"line":1,"column":26},"end":{"line":5,"column":1}},"1":{"start":{"line":2,"column":2},"end":{"line":2,"column":18}},"2":{"start":{"line":4,"column":2},"end":{"line":4,"column":53}},"3":{"start":{"line":7,"column":26},"end":{"line":16,"column":1}},"4":{"start":{"line":8,"column":2},"end":{"line":8,"column":45}},"5":{"start":{"line":10,"column":2},"end":{"line":11,"column":59}},"6":{"start":{"line":10,"column":31},"end":{"line":10,"column":51}},"7":{"start":{"line":11,"column":27},"end":{"line":11,"column":56}},"8":{"start":{"line":13,"column":2},"end":{"line":13,"column":53}},"9":{"start":{"line":15,"column":2},"end":{"line":15,"column":14}},"10":{"start":{"line":18,"column":24},"end":{"line":24,"column":1}},"11":{"start":{"line":20,"column":2},"end":{"line":21,"column":139}},"12":{"start":{"line":21,"column":20},"end":{"line":21,"column":136}},"13":{"start":{"line":22,"column":2},"end":{"line":22,"column":53}},"14":{"start":{"line":23,"column":2},"end":{"line":23,"column":14}}},"fnMap":{"0":{"name":"(anonymous_0)","decl":{"start":{"line":1,"column":26},"end":{"line":1,"column":27}},"loc":{"start":{"line":1,"column":36},"end":{"line":5,"column":1}},"line":1},"1":{"name":"(anonymous_1)","decl":{"start":{"line":7,"column":26},"end":{"line":7,"column":27}},"loc":{"start":{"line":7,"column":33},"end":{"line":16,"column":1}},"line":7},"2":{"name":"(anonymous_2)","decl":{"start":{"line":10,"column":21},"end":{"line":10,"column":22}},"loc":{"start":{"line":10,"column":31},"end":{"line":10,"column":51}},"line":10},"3":{"name":"(anonymous_3)","decl":{"start":{"line":11,"column":9},"end":{"line":11,"column":10}},"loc":{"start":{"line":11,"column":27},"end":{"line":11,"column":56}},"line":11},"4":{"name":"(anonymous_4)","decl":{"start":{"line":18,"column":24},"end":{"line":18,"column":25}},"loc":{"start":{"line":18,"column":37},"end":{"line":24,"column":1}},"line":18},"5":{"name":"(anonymous_5)","decl":{"start":{"line":21,"column":9},"end":{"line":21,"column":10}},"loc":{"start":{"line":21,"column":20},"end":{"line":21,"column":136}},"line":21}},"branchMap":{"0":{"loc":{"start":{"line":21,"column":20},"end":{"line":21,"column":136}},"type":"cond-expr","locations":[{"start":{"line":21,"column":90},"end":{"line":21,"column":129}},{"start":{"line":21,"column":132},"end":{"line":21,"column":136}}],"line":21}},"s":{"0":4,"1":35,"2":35,"3":4,"4":2,"5":2,"6":11,"7":9,"8":2,"9":2,"10":4,"11":3,"12":23,"13":3,"14":3},"f":{"0":35,"1":2,"2":11,"3":9,"4":3,"5":23},"b":{"0":[3,20]},"_coverageSchema":"1a1c01bbd47fc00a2c39e90264f33305004495a9","hash":"0cb666d3780dd85fd4fd919d58799899e8f73a6c"}
,"/home/nass/Documents/microverse/to-do-list/src/modules/item.js": {"path":"/home/nass/Documents/microverse/to-do-list/src/modules/item.js","statementMap":{"0":{"start":{"line":3,"column":4},"end":{"line":12,"column":23}}},"fnMap":{"0":{"name":"(anonymous_0)","decl":{"start":{"line":2,"column":2},"end":{"line":2,"column":3}},"loc":{"start":{"line":2,"column":20},"end":{"line":13,"column":3}},"line":2}},"branchMap":{"0":{"loc":{"start":{"line":5,"column":82},"end":{"line":5,"column":110}},"type":"binary-expr","locations":[{"start":{"line":5,"column":82},"end":{"line":5,"column":97}},{"start":{"line":5,"column":101},"end":{"line":5,"column":110}}],"line":5},"1":{"loc":{"start":{"line":7,"column":38},"end":{"line":7,"column":63}},"type":"binary-expr","locations":[{"start":{"line":7,"column":38},"end":{"line":7,"column":53}},{"start":{"line":7,"column":57},"end":{"line":7,"column":63}}],"line":7}},"s":{"0":71},"f":{"0":71},"b":{"0":[71,3],"1":[71,3]},"_coverageSchema":"1a1c01bbd47fc00a2c39e90264f33305004495a9","hash":"ff2b84df798df698f52696bad96f661643dda074"}
,"/home/nass/Documents/microverse/to-do-list/src/modules/list.js": {"path":"/home/nass/Documents/microverse/to-do-list/src/modules/list.js","statementMap":{"0":{"start":{"line":3,"column":4},"end":{"line":12,"column":19}},"1":{"start":{"line":13,"column":4},"end":{"line":13,"column":22}},"2":{"start":{"line":14,"column":4},"end":{"line":17,"column":20}},"3":{"start":{"line":21,"column":4},"end":{"line":21,"column":28}},"4":{"start":{"line":25,"column":4},"end":{"line":25,"column":61}}},"fnMap":{"0":{"name":"(anonymous_0)","decl":{"start":{"line":2,"column":2},"end":{"line":2,"column":3}},"loc":{"start":{"line":2,"column":16},"end":{"line":18,"column":3}},"line":2},"1":{"name":"(anonymous_1)","decl":{"start":{"line":20,"column":2},"end":{"line":20,"column":3}},"loc":{"start":{"line":20,"column":12},"end":{"line":22,"column":3}},"line":20},"2":{"name":"(anonymous_2)","decl":{"start":{"line":24,"column":2},"end":{"line":24,"column":3}},"loc":{"start":{"line":24,"column":9},"end":{"line":26,"column":3}},"line":24}},"branchMap":{},"s":{"0":14,"1":14,"2":14,"3":71,"4":14},"f":{"0":14,"1":71,"2":14},"b":{},"_coverageSchema":"1a1c01bbd47fc00a2c39e90264f33305004495a9","hash":"c938e21fed437c8f88a5949ee298eed4b068f9d0"}
,"/home/nass/Documents/microverse/to-do-list/src/modules/status.js": {"path":"/home/nass/Documents/microverse/to-do-list/src/modules/status.js","statementMap":{"0":{"start":{"line":1,"column":28},"end":{"line":8,"column":1}},"1":{"start":{"line":2,"column":2},"end":{"line":3,"column":139}},"2":{"start":{"line":3,"column":20},"end":{"line":3,"column":136}},"3":{"start":{"line":5,"column":2},"end":{"line":5,"column":53}},"4":{"start":{"line":7,"column":2},"end":{"line":7,"column":14}},"5":{"start":{"line":10,"column":33},"end":{"line":17,"column":1}},"6":{"start":{"line":11,"column":2},"end":{"line":12,"column":93}},"7":{"start":{"line":12,"column":22},"end":{"line":12,"column":37}},"8":{"start":{"line":12,"column":61},"end":{"line":12,"column":90}},"9":{"start":{"line":14,"column":2},"end":{"line":14,"column":53}},"10":{"start":{"line":16,"column":2},"end":{"line":16,"column":14}}},"fnMap":{"0":{"name":"(anonymous_0)","decl":{"start":{"line":1,"column":28},"end":{"line":1,"column":29}},"loc":{"start":{"line":1,"column":41},"end":{"line":8,"column":1}},"line":1},"1":{"name":"(anonymous_1)","decl":{"start":{"line":3,"column":9},"end":{"line":3,"column":10}},"loc":{"start":{"line":3,"column":20},"end":{"line":3,"column":136}},"line":3},"2":{"name":"(anonymous_2)","decl":{"start":{"line":10,"column":33},"end":{"line":10,"column":34}},"loc":{"start":{"line":10,"column":43},"end":{"line":17,"column":1}},"line":10},"3":{"name":"(anonymous_3)","decl":{"start":{"line":12,"column":12},"end":{"line":12,"column":13}},"loc":{"start":{"line":12,"column":22},"end":{"line":12,"column":37}},"line":12},"4":{"name":"(anonymous_4)","decl":{"start":{"line":12,"column":43},"end":{"line":12,"column":44}},"loc":{"start":{"line":12,"column":61},"end":{"line":12,"column":90}},"line":12}},"branchMap":{"0":{"loc":{"start":{"line":3,"column":20},"end":{"line":3,"column":136}},"type":"cond-expr","locations":[{"start":{"line":3,"column":90},"end":{"line":3,"column":129}},{"start":{"line":3,"column":132},"end":{"line":3,"column":136}}],"line":3}},"s":{"0":1,"1":1,"2":1,"3":1,"4":1,"5":1,"6":0,"7":0,"8":0,"9":0,"10":0},"f":{"0":1,"1":1,"2":0,"3":0,"4":0},"b":{"0":[1,0]},"_coverageSchema":"1a1c01bbd47fc00a2c39e90264f33305004495a9","hash":"edd70c2c494eb51690311ceb4c0aa0e6ae268ac6"}
}
