{"/home/nass/Documents/microverse/to-do-list/src/utils.js": {"path":"/home/nass/Documents/microverse/to-do-list/src/utils.js","statementMap":{"0":{"start":{"line":1,"column":26},"end":{"line":5,"column":1}},"1":{"start":{"line":2,"column":3},"end":{"line":2,"column":19}},"2":{"start":{"line":4,"column":2},"end":{"line":4,"column":53}},"3":{"start":{"line":7,"column":26},"end":{"line":16,"column":1}},"4":{"start":{"line":8,"column":2},"end":{"line":8,"column":45}},"5":{"start":{"line":10,"column":2},"end":{"line":11,"column":59}},"6":{"start":{"line":10,"column":31},"end":{"line":10,"column":51}},"7":{"start":{"line":11,"column":27},"end":{"line":11,"column":56}},"8":{"start":{"line":13,"column":2},"end":{"line":13,"column":53}},"9":{"start":{"line":15,"column":2},"end":{"line":15,"column":14}},"10":{"start":{"line":18,"column":24},"end":{"line":23,"column":1}},"11":{"start":{"line":19,"column":2},"end":{"line":20,"column":92}},"12":{"start":{"line":20,"column":20},"end":{"line":20,"column":89}},"13":{"start":{"line":21,"column":2},"end":{"line":21,"column":53}},"14":{"start":{"line":22,"column":2},"end":{"line":22,"column":14}}},"fnMap":{"0":{"name":"(anonymous_0)","decl":{"start":{"line":1,"column":26},"end":{"line":1,"column":27}},"loc":{"start":{"line":1,"column":42},"end":{"line":5,"column":1}},"line":1},"1":{"name":"(anonymous_1)","decl":{"start":{"line":7,"column":26},"end":{"line":7,"column":27}},"loc":{"start":{"line":7,"column":39},"end":{"line":16,"column":1}},"line":7},"2":{"name":"(anonymous_2)","decl":{"start":{"line":10,"column":21},"end":{"line":10,"column":22}},"loc":{"start":{"line":10,"column":31},"end":{"line":10,"column":51}},"line":10},"3":{"name":"(anonymous_3)","decl":{"start":{"line":11,"column":9},"end":{"line":11,"column":10}},"loc":{"start":{"line":11,"column":27},"end":{"line":11,"column":56}},"line":11},"4":{"name":"(anonymous_4)","decl":{"start":{"line":18,"column":24},"end":{"line":18,"column":25}},"loc":{"start":{"line":18,"column":46},"end":{"line":23,"column":1}},"line":18},"5":{"name":"(anonymous_5)","decl":{"start":{"line":20,"column":9},"end":{"line":20,"column":10}},"loc":{"start":{"line":20,"column":20},"end":{"line":20,"column":89}},"line":20}},"branchMap":{"0":{"loc":{"start":{"line":20,"column":20},"end":{"line":20,"column":89}},"type":"cond-expr","locations":[{"start":{"line":20,"column":43},"end":{"line":20,"column":82}},{"start":{"line":20,"column":85},"end":{"line":20,"column":89}}],"line":20}},"s":{"0":1,"1":5,"2":5,"3":1,"4":0,"5":0,"6":0,"7":0,"8":0,"9":0,"10":1,"11":0,"12":0,"13":0,"14":0},"f":{"0":5,"1":0,"2":0,"3":0,"4":0,"5":0},"b":{"0":[0,0]},"_coverageSchema":"1a1c01bbd47fc00a2c39e90264f33305004495a9","hash":"f5d822a5e156332ee1c93db1e46feefa407f1e15"}
,"/home/nass/Documents/microverse/to-do-list/src/__test__/localStorageMock.js": {"path":"/home/nass/Documents/microverse/to-do-list/src/__test__/localStorageMock.js","statementMap":{"0":{"start":{"line":3,"column":6},"end":{"line":3,"column":22}},"1":{"start":{"line":7,"column":6},"end":{"line":7,"column":22}},"2":{"start":{"line":11,"column":6},"end":{"line":11,"column":37}},"3":{"start":{"line":15,"column":6},"end":{"line":15,"column":30}},"4":{"start":{"line":19,"column":6},"end":{"line":19,"column":29}}},"fnMap":{"0":{"name":"(anonymous_0)","decl":{"start":{"line":2,"column":4},"end":{"line":2,"column":5}},"loc":{"start":{"line":2,"column":18},"end":{"line":4,"column":5}},"line":2},"1":{"name":"(anonymous_1)","decl":{"start":{"line":6,"column":4},"end":{"line":6,"column":5}},"loc":{"start":{"line":6,"column":12},"end":{"line":8,"column":5}},"line":6},"2":{"name":"(anonymous_2)","decl":{"start":{"line":10,"column":4},"end":{"line":10,"column":5}},"loc":{"start":{"line":10,"column":17},"end":{"line":12,"column":5}},"line":10},"3":{"name":"(anonymous_3)","decl":{"start":{"line":14,"column":4},"end":{"line":14,"column":5}},"loc":{"start":{"line":14,"column":24},"end":{"line":16,"column":5}},"line":14},"4":{"name":"(anonymous_4)","decl":{"start":{"line":18,"column":4},"end":{"line":18,"column":5}},"loc":{"start":{"line":18,"column":20},"end":{"line":20,"column":5}},"line":18}},"branchMap":{"0":{"loc":{"start":{"line":11,"column":13},"end":{"line":11,"column":36}},"type":"binary-expr","locations":[{"start":{"line":11,"column":13},"end":{"line":11,"column":28}},{"start":{"line":11,"column":32},"end":{"line":11,"column":36}}],"line":11}},"s":{"0":1,"1":0,"2":1,"3":5,"4":0},"f":{"0":1,"1":0,"2":1,"3":5,"4":0},"b":{"0":[1,0]},"_coverageSchema":"1a1c01bbd47fc00a2c39e90264f33305004495a9","hash":"ba09cbd50e9ecf4f3a1bbe7542c1a385f2d62eaa"}
}
