TN:
SF:src/utils.js
FN:1,(anonymous_0)
FN:7,(anonymous_1)
FN:10,(anonymous_2)
FN:11,(anonymous_3)
FN:18,(anonymous_4)
FN:21,(anonymous_5)
FNF:6
FNH:6
FNDA:35,(anonymous_0)
FNDA:2,(anonymous_1)
FNDA:11,(anonymous_2)
FNDA:9,(anonymous_3)
FNDA:3,(anonymous_4)
FNDA:23,(anonymous_5)
DA:1,4
DA:2,35
DA:4,35
DA:7,4
DA:8,2
DA:10,11
DA:11,9
DA:13,2
DA:15,2
DA:18,4
DA:20,3
DA:21,23
DA:22,3
DA:23,3
LF:14
LH:14
BRDA:21,0,0,3
BRDA:21,0,1,20
BRF:2
BRH:2
end_of_record
TN:
SF:src/modules/item.js
FN:2,(anonymous_0)
FNF:1
FNH:1
FNDA:71,(anonymous_0)
DA:3,71
LF:1
LH:1
BRDA:5,0,0,71
BRDA:5,0,1,3
BRDA:7,1,0,71
BRDA:7,1,1,3
BRF:4
BRH:4
end_of_record
TN:
SF:src/modules/list.js
FN:2,(anonymous_0)
FN:20,(anonymous_1)
FN:24,(anonymous_2)
FNF:3
FNH:3
FNDA:14,(anonymous_0)
FNDA:71,(anonymous_1)
FNDA:14,(anonymous_2)
DA:3,14
DA:13,14
DA:14,14
DA:21,71
DA:25,14
LF:5
LH:5
BRF:0
BRH:0
end_of_record
TN:
SF:src/modules/status.js
FN:1,(anonymous_0)
FN:3,(anonymous_1)
FN:10,(anonymous_2)
FN:12,(anonymous_3)
FN:12,(anonymous_4)
FNF:5
FNH:2
FNDA:1,(anonymous_0)
FNDA:1,(anonymous_1)
FNDA:0,(anonymous_2)
FNDA:0,(anonymous_3)
FNDA:0,(anonymous_4)
DA:1,1
DA:2,1
DA:3,1
DA:5,1
DA:7,1
DA:10,1
DA:11,0
DA:12,0
DA:14,0
DA:16,0
LF:10
LH:6
BRDA:3,0,0,1
BRDA:3,0,1,0
BRF:2
BRH:1
end_of_record
